Test project /home/cs144/lab/minnow/build
      Start  1: compile with bug-checkers
 1/36 Test  #1: compile with bug-checkers ........   Passed   27.02 sec
      Start  3: byte_stream_basics
 2/36 Test  #3: byte_stream_basics ...............   Passed    0.09 sec
      Start  4: byte_stream_capacity
 3/36 Test  #4: byte_stream_capacity .............   Passed    0.05 sec
      Start  5: byte_stream_one_write
 4/36 Test  #5: byte_stream_one_write ............   Passed    0.05 sec
      Start  6: byte_stream_two_writes
 5/36 Test  #6: byte_stream_two_writes ...........   Passed    0.03 sec
      Start  7: byte_stream_many_writes
 6/36 Test  #7: byte_stream_many_writes ..........   Passed    0.13 sec
      Start  8: byte_stream_stress_test
 7/36 Test  #8: byte_stream_stress_test ..........   Passed    0.07 sec
      Start  9: reassembler_single
 8/36 Test  #9: reassembler_single ...............   Passed    0.11 sec
      Start 10: reassembler_cap
 9/36 Test #10: reassembler_cap ..................   Passed    0.06 sec
      Start 11: reassembler_seq
10/36 Test #11: reassembler_seq ..................   Passed    0.05 sec
      Start 12: reassembler_dup
11/36 Test #12: reassembler_dup ..................   Passed    0.08 sec
      Start 13: reassembler_holes
12/36 Test #13: reassembler_holes ................   Passed    0.05 sec
      Start 14: reassembler_overlapping
13/36 Test #14: reassembler_overlapping ..........   Passed    0.08 sec
      Start 15: reassembler_win
14/36 Test #15: reassembler_win ..................   Passed    1.08 sec
      Start 16: wrapping_integers_cmp
15/36 Test #16: wrapping_integers_cmp ............   Passed    0.04 sec
      Start 17: wrapping_integers_wrap
16/36 Test #17: wrapping_integers_wrap ...........   Passed    0.03 sec
      Start 18: wrapping_integers_unwrap
17/36 Test #18: wrapping_integers_unwrap .........   Passed    0.04 sec
      Start 19: wrapping_integers_roundtrip
18/36 Test #19: wrapping_integers_roundtrip ......   Passed    1.62 sec
      Start 20: wrapping_integers_extra
19/36 Test #20: wrapping_integers_extra ..........   Passed    0.33 sec
      Start 21: recv_connect
20/36 Test #21: recv_connect .....................   Passed    0.05 sec
      Start 22: recv_transmit
21/36 Test #22: recv_transmit ....................   Passed    0.85 sec
      Start 23: recv_window
22/36 Test #23: recv_window ......................   Passed    0.04 sec
      Start 24: recv_reorder
23/36 Test #24: recv_reorder .....................   Passed    0.05 sec
      Start 25: recv_reorder_more
24/36 Test #25: recv_reorder_more ................   Passed    2.40 sec
      Start 26: recv_close
25/36 Test #26: recv_close .......................   Passed    0.04 sec
      Start 27: recv_special
26/36 Test #27: recv_special .....................   Passed    0.05 sec
      Start 28: send_connect
27/36 Test #28: send_connect .....................   Passed    0.04 sec
      Start 29: send_transmit
28/36 Test #29: send_transmit ....................***Failed    0.19 sec
0 

==============
0 

==============
2 ab
ab
==============
2 cd
cd
==============
4 abcd
abcd
==============
0 

==============
0 

==============
9 abcdefghi
abcdefghi
==============
0 

==============
3 bcd
bcd
==============
0 

==============
8 cdefghij
cdefghij
==============
0 

==============
10 defghijklm
defghijklm
==============
0 

==============
8 efghijkl
efghijkl
==============
0 

==============
9 fghijklmn
fghijklmn
==============
0 

==============
6 ghijkl
ghijkl
==============
0 

==============
2 hi
hi
==============
0 

==============
8 ijklmnop
ijklmnop
==============
0 

==============
10 jklmnopqrs
jklmnopqrs
==============
0 

==============
2 kl
kl
==============
0 

==============
2 lm
lm
==============
0 

==============
2 mn
mn
==============
0 

==============
10 nopqrstuvw
nopqrstuvw
==============
0 

==============
10 opqrstuvwx
opqrstuvwx
==============
0 

==============
4 pqrs
pqrs
==============
0 

==============
10 qrstuvwxyz
qrstuvwxyz
==============
0 

==============
8 rstuvwxy
rstuvwxy
==============
0 

==============
2 st
st
==============
0 

==============
10 tuvwxyzabc
tuvwxyzabc
==============
0 

==============
3 uvw
uvw
==============
0 

==============
8 vwxyzabc
vwxyzabc
==============
0 

==============
1 w
w
==============
0 

==============
6 xyzabc
xyzabc
==============
0 

==============
4 yzab
yzab
==============
0 

==============
5 zabcd
zabcd
==============
0 

==============
9 abcdefghi
abcdefghi
==============
0 

==============
4 bcde
bcde
==============
0 

==============
10 cdefghijkl
cdefghijkl
==============
0 

==============
8 defghijk
defghijk
==============
0 

==============
10 efghijklmn
efghijklmn
==============
0 

==============
1 f
f
==============
0 

==============
5 ghijk
ghijk
==============
0 

==============
8 hijklmno
hijklmno
==============
0 

==============
7 ijklmno
ijklmno
==============
0 

==============
3 jkl
jkl
==============
0 

==============
9 klmnopqrs
klmnopqrs
==============
0 

==============
9 lmnopqrst
lmnopqrst
==============
0 

==============
9 mnopqrstu
mnopqrstu
==============
0 

==============
3 nop
nop
==============
0 

==============
7 opqrstu
opqrstu
==============
0 

==============
2 pq
pq
==============
0 

==============
3 qrs
qrs
==============
0 

==============
4 rstu
rstu
==============
0 

==============
3 stu
stu
==============
0 

==============
5 tuvwx
tuvwx
==============
0 

==============
2 uv
uv
==============
0 

==============
4 vwxy
vwxy
==============
0 

==============
9 wxyzabcde
wxyzabcde
==============
0 

==============
7 xyzabcd
xyzabcd
==============
0 

==============
10 yzabcdefgh
yzabcdefgh
==============
0 

==============
7 zabcdef
zabcdef
==============
0 

==============
9 abcdefghi
abcdefghi
==============
0 

==============
6 bcdefg
bcdefg
==============
0 

==============
8 cdefghij
cdefghij
==============
0 

==============
7 defghij
defghij
==============
0 

==============
4 efgh
efgh
==============
0 

==============
4 fghi
fghi
==============
0 

==============
8 ghijklmn
ghijklmn
==============
0 

==============
9 hijklmnop
hijklmnop
==============
0 

==============
1 i
i
==============
0 

==============
1 j
j
==============
0 

==============
1 k
k
==============
0 

==============
2 lm
lm
==============
0 

==============
10 mnopqrstuv
mnopqrstuv
==============
0 

==============
2 no
no
==============
0 

==============
5 opqrs
opqrs
==============
0 

==============
7 pqrstuv
pqrstuv
==============
0 

==============
9 qrstuvwxy
qrstuvwxy
==============
0 

==============
8 rstuvwxy
rstuvwxy
==============
0 

==============
10 stuvwxyzab
stuvwxyzab
==============
0 

==============
10 tuvwxyzabc
tuvwxyzabc
==============
0 

==============
1 u
u
==============
0 

==============
7 vwxyzab
vwxyzab
==============
0 

==============
6 wxyzab
wxyzab
==============
0 

==============
2 xy
xy
==============
0 

==============
10 yzabcdefgh
yzabcdefgh
==============
0 

==============
8 zabcdefg
zabcdefg
==============
0 

==============
8 abcdefgh
abcdefgh
==============
0 

==============
2 bc
bc
==============
0 

==============
4 cdef
cdef
==============
0 

==============
8 defghijk
defghijk
==============
0 

==============
10 efghijklmn
efghijklmn
==============
0 

==============
10 fghijklmno
fghijklmno
==============
0 

==============
1 g
g
==============
0 

==============
3 hij
hij
==============
0 

==============
5 ijklm
ijklm
==============
0 

==============
3 jkl
jkl
==============
0 

==============
2 kl
kl
==============
0 

==============
6 lmnopq
lmnopq
==============
0 

==============
4 mnop
mnop
==============
0 

==============
8 nopqrstu
nopqrstu
==============
0 

==============
5 opqrs
opqrs
==============
0 

==============
5 pqrst
pqrst
==============
0 

==============
8 qrstuvwx
qrstuvwx
==============
0 

==============
6 rstuvw
rstuvw
==============
0 

==============
7 stuvwxy
stuvwxy
==============
0 

==============
2 tu
tu
==============
0 

==============
4 uvwx
uvwx
==============
0 

==============
7 vwxyzab
vwxyzab
==============
0 

==============
6 wxyzab
wxyzab
==============
0 

==============
9 xyzabcdef
xyzabcdef
==============
0 

==============
8 yzabcdef
yzabcdef
==============
0 

==============
9 zabcdefgh
zabcdefgh
==============
0 

==============
5 abcde
abcde
==============
0 

==============
1 b
b
==============
0 

==============
4 cdef
cdef
==============
0 

==============
1 d
d
==============
0 

==============
10 efghijklmn
efghijklmn
==============
0 

==============
1 f
f
==============
0 

==============
10 ghijklmnop
ghijklmnop
==============
0 

==============
1 h
h
==============
0 

==============
1 i
i
==============
0 

==============
4 jklm
jklm
==============
0 

==============
3 klm
klm
==============
0 

==============
4 lmno
lmno
==============
0 

==============
9 mnopqrstu
mnopqrstu
==============
0 

==============
6 nopqrs
nopqrs
==============
0 

==============
7 opqrstu
opqrstu
==============
0 

==============
5 pqrst
pqrst
==============
0 

==============
4 qrst
qrst
==============
0 

==============
6 rstuvw
rstuvw
==============
0 

==============
3 stu
stu
==============
0 

==============
7 tuvwxyz
tuvwxyz
==============
0 

==============
3 uvw
uvw
==============
0 

==============
4 vwxy
vwxy
==============
0 

==============
6 wxyzab
wxyzab
==============
0 

==============
10 xyzabcdefg
xyzabcdefg
==============
0 

==============
6 yzabcd
yzabcd
==============
0 

==============
7 zabcdef
zabcdef
==============
0 

==============
8 abcdefgh
abcdefgh
==============
0 

==============
8 bcdefghi
bcdefghi
==============
0 

==============
8 cdefghij
cdefghij
==============
0 

==============
1 d
d
==============
0 

==============
4 efgh
efgh
==============
0 

==============
4 fghi
fghi
==============
0 

==============
7 ghijklm
ghijklm
==============
0 

==============
6 hijklm
hijklm
==============
0 

==============
4 ijkl
ijkl
==============
0 

==============
9 jklmnopqr
jklmnopqr
==============
0 

==============
9 klmnopqrs
klmnopqrs
==============
0 

==============
6 lmnopq
lmnopq
==============
0 

==============
5 mnopq
mnopq
==============
0 

==============
4 nopq
nopq
==============
0 

==============
3 opq
opq
==============
0 

==============
7 pqrstuv
pqrstuv
==============
0 

==============
6 qrstuv
qrstuv
==============
0 

==============
9 rstuvwxyz
rstuvwxyz
==============
0 

==============
8 stuvwxyz
stuvwxyz
==============
0 

==============
9 tuvwxyzab
tuvwxyzab
==============
0 

==============
10 uvwxyzabcd
uvwxyzabcd
==============
0 

==============
6 vwxyza
vwxyza
==============
0 

==============
1 w
w
==============
0 

==============
7 xyzabcd
xyzabcd
==============
0 

==============
2 yz
yz
==============
0 

==============
8 zabcdefg
zabcdefg
==============
0 

==============
9 abcdefghi
abcdefghi
==============
0 

==============
10 bcdefghijk
bcdefghijk
==============
0 

==============
1 c
c
==============
0 

==============
8 defghijk
defghijk
==============
0 

==============
5 efghi
efghi
==============
0 

==============
5 fghij
fghij
==============
0 

==============
7 ghijklm
ghijklm
==============
0 

==============
1 h
h
==============
0 

==============
5 ijklm
ijklm
==============
0 

==============
9 jklmnopqr
jklmnopqr
==============
0 

==============
4 klmn
klmn
==============
0 

==============
7 lmnopqr
lmnopqr
==============
0 

==============
7 mnopqrs
mnopqrs
==============
0 

==============
7 nopqrst
nopqrst
==============
0 

==============
4 opqr
opqr
==============
0 

==============
5 pqrst
pqrst
==============
0 

==============
5 qrstu
qrstu
==============
0 

==============
2 rs
rs
==============
0 

==============
2 st
st
==============
0 

==============
9 tuvwxyzab
tuvwxyzab
==============
0 

==============
7 uvwxyza
uvwxyzahibcdcdefghijdefghijklmefghijklfghijklmnghijklhiijklmnopjklmnopqrskllmmnnopqrstuvwopqrstuvwxpqrsqrstuvwxyzrstuvwxysttuvwxyzabcuvwvwxyzabcwxyzabcyzabzabcdabcdefghibcdecdefghijkldefghijkefghijklmnfghijkhijklmnoijklmnojklklmnopqrslmnopqrstmnopqrstunopopqrstupqqrsrstustutuvwxuvvwxywxyzabcdexyzabcdyzabcdefghzabcdefabcdefghibcdefgcdefghijdefghijefghfghighijklmnhijklmnopijklmmnopqrstuvnoopqrspqrstuvqrstuvwxyrstuvwxystuvwxyzabtuvwxyzabcuvwxyzabwxyzabxyyzabcdefghzabcdefgabcdefghbccdefdefghijkefghijklmnfghijklmnoghijijklmjklkllmnopqmnopnopqrstuopqrspqrstqrstuvwxrstuvwstuvwxytuuvwxvwxyzabwxyzabxyzabcdefyzabcdefzabcdefghabcdebcdefdefghijklmnfghijklmnophijklmklmlmnomnopqrstunopqrsopqrstupqrstqrstrstuvwstutuvwxyzuvwvwxywxyzabxyzabcdefgyzabcdzabcdefabcdefghbcdefghicdefghijdefghfghighijklmhijklmijkljklmnopqrklmnopqrslmnopqmnopqnopqopqpqrstuvqrstuvrstuvwxyzstuvwxyztuvwxyzabuvwxyzabcdvwxyzawxyzabcdyzzabcdefgabcdefghibcdefghijkcdefghijkefghifghijghijklmhijklmjklmnopqrklmnlmnopqrmnopqrsnopqrstopqrpqrstqrsturssttuvwxyzab
1022 1022 uvwxyzahibcdcdefghijdefghijklmefghijklfghijklmnghijklhiijklmnopjklmnopqrskllmmnnopqrstuvwopqrstuvwxpqrsqrstuvwxyzrstuvwxysttuvwxyzabcuvwvwxyzabcwxyzabcyzabzabcdabcdefghibcdecdefghijkldefghijkefghijklmnfghijkhijklmnoijklmnojklklmnopqrslmnopqrstmnopqrstunopopqrstupqqrsrstustutuvwxuvvwxywxyzabcdexyzabcdyzabcdefghzabcdefabcdefghibcdefgcdefghijdefghijefghfghighijklmnhijklmnopijklmmnopqrstuvnoopqrspqrstuvqrstuvwxyrstuvwxystuvwxyzabtuvwxyzabcuvwxyzabwxyzabxyyzabcdefghzabcdefgabcdefghbccdefdefghijkefghijklmnfghijklmnoghijijklmjklkllmnopqmnopnopqrstuopqrspqrstqrstuvwxrstuvwstuvwxytuuvwxvwxyzabwxyzabxyzabcdefyzabcdefzabcdefghabcdebcdefdefghijklmnfghijklmnophijklmklmlmnomnopqrstunopqrsopqrstupqrstqrstrstuvwstutuvwxyzuvwvwxywxyzabxyzabcdefgyzabcdzabcdefabcdefghbcdefghicdefghijdefghfghighijklmhijklmijkljklmnopqrklmnopqrslmnopqmnopqnopqopqpqrstuvqrstuvrstuvwxyzstuvwxyztuvwxyzabuvwxyzabcdvwxyzawxyzabcdyzzabcdefgabcdefghibcdefghijkcdefghijkefghifghijghijklmhijklmjklmnopqrklmnlmnopqrmnopqrsnopqrstopqrpqrstqrsturssttuvwxyzab
==============

The test "Many short writes, continuous acks" failed after these steps:

  0.	Initialized std::pair<ByteStream, TCPSender> with initial_RTO_ms=1000
  1.	Action: push TCPSender
  2.	Expectation: message sent with seqno=Wrap32<607670247> +SYN (no payload) (no FIN)
  3.	Action: receive(ack=Some(Wrap32<607670248>), win=137), then push stream to TCPSender
  4.	Expectation: send_empty_message().seqno = Wrap32<607670248>
  5.	Expectation: sequence_numbers_in_flight = 0
  6.	Expectation: send_empty_message().seqno = Wrap32<607670248>
  7.	Action: push "abcdefghi" to stream, then push to TCPSender
  8.	Expectation: sequence_numbers_in_flight = 9
  9.	Expectation: message sent with seqno=Wrap32<607670248> payload="abcdefghi"
  10.	Expectation: nothing to send
  11.	Action: receive(ack=Some(Wrap32<607670257>), win=137), then push stream to TCPSender
  12.	Expectation: send_empty_message().seqno = Wrap32<607670257>
  13.	Action: push "bcd" to stream, then push to TCPSender
  14.	Expectation: sequence_numbers_in_flight = 3
  15.	Expectation: message sent with seqno=Wrap32<607670257> payload="bcd"
  16.	Expectation: nothing to send
  17.	Action: receive(ack=Some(Wrap32<607670260>), win=137), then push stream to TCPSender
  18.	Expectation: send_empty_message().seqno = Wrap32<607670260>
  19.	Action: push "cdefghij" to stream, then push to TCPSender
  20.	Expectation: sequence_numbers_in_flight = 8
  21.	Expectation: message sent with seqno=Wrap32<607670260> payload="cdefghij"
  22.	Expectation: nothing to send
  23.	Action: receive(ack=Some(Wrap32<607670268>), win=137), then push stream to TCPSender
  24.	Expectation: send_empty_message().seqno = Wrap32<607670268>
  25.	Action: push "defghijklm" to stream, then push to TCPSender
  26.	Expectation: sequence_numbers_in_flight = 10
  27.	Expectation: message sent with seqno=Wrap32<607670268> payload="defghijklm"
  28.	Expectation: nothing to send
  29.	Action: receive(ack=Some(Wrap32<607670278>), win=137), then push stream to TCPSender
  30.	Expectation: send_empty_message().seqno = Wrap32<607670278>
  31.	Action: push "efghijkl" to stream, then push to TCPSender
  32.	Expectation: sequence_numbers_in_flight = 8
  33.	Expectation: message sent with seqno=Wrap32<607670278> payload="efghijkl"
  34.	Expectation: nothing to send
  35.	Action: receive(ack=Some(Wrap32<607670286>), win=137), then push stream to TCPSender
  36.	Expectation: send_empty_message().seqno = Wrap32<607670286>
  37.	Action: push "fghijklmn" to stream, then push to TCPSender
  38.	Expectation: sequence_numbers_in_flight = 9
  39.	Expectation: message sent with seqno=Wrap32<607670286> payload="fghijklmn"
  40.	Expectation: nothing to send
  41.	Action: receive(ack=Some(Wrap32<607670295>), win=137), then push stream to TCPSender
  42.	Expectation: send_empty_message().seqno = Wrap32<607670295>
  43.	Action: push "ghijkl" to stream, then push to TCPSender
  44.	Expectation: sequence_numbers_in_flight = 6
  45.	Expectation: message sent with seqno=Wrap32<607670295> payload="ghijkl"
  46.	Expectation: nothing to send
  47.	Action: receive(ack=Some(Wrap32<607670301>), win=137), then push stream to TCPSender
  48.	Expectation: send_empty_message().seqno = Wrap32<607670301>
  49.	Action: push "hi" to stream, then push to TCPSender
  50.	Expectation: sequence_numbers_in_flight = 2
  51.	Expectation: message sent with seqno=Wrap32<607670301> payload="hi"
  52.	Expectation: nothing to send
  53.	Action: receive(ack=Some(Wrap32<607670303>), win=137), then push stream to TCPSender
  54.	Expectation: send_empty_message().seqno = Wrap32<607670303>
  55.	Action: push "ijklmnop" to stream, then push to TCPSender
  56.	Expectation: sequence_numbers_in_flight = 8
  57.	Expectation: message sent with seqno=Wrap32<607670303> payload="ijklmnop"
  58.	Expectation: nothing to send
  59.	Action: receive(ack=Some(Wrap32<607670311>), win=137), then push stream to TCPSender
  60.	Expectation: send_empty_message().seqno = Wrap32<607670311>
  61.	Action: push "jklmnopqrs" to stream, then push to TCPSender
  62.	Expectation: sequence_numbers_in_flight = 10
  63.	Expectation: message sent with seqno=Wrap32<607670311> payload="jklmnopqrs"
  64.	Expectation: nothing to send
  65.	Action: receive(ack=Some(Wrap32<607670321>), win=137), then push stream to TCPSender
  66.	Expectation: send_empty_message().seqno = Wrap32<607670321>
  67.	Action: push "kl" to stream, then push to TCPSender
  68.	Expectation: sequence_numbers_in_flight = 2
  69.	Expectation: message sent with seqno=Wrap32<607670321> payload="kl"
  70.	Expectation: nothing to send
  71.	Action: receive(ack=Some(Wrap32<607670323>), win=137), then push stream to TCPSender
  72.	Expectation: send_empty_message().seqno = Wrap32<607670323>
  73.	Action: push "lm" to stream, then push to TCPSender
  74.	Expectation: sequence_numbers_in_flight = 2
  75.	Expectation: message sent with seqno=Wrap32<607670323> payload="lm"
  76.	Expectation: nothing to send
  77.	Action: receive(ack=Some(Wrap32<607670325>), win=137), then push stream to TCPSender
  78.	Expectation: send_empty_message().seqno = Wrap32<607670325>
  79.	Action: push "mn" to stream, then push to TCPSender
  80.	Expectation: sequence_numbers_in_flight = 2
  81.	Expectation: message sent with seqno=Wrap32<607670325> payload="mn"
  82.	Expectation: nothing to send
  83.	Action: receive(ack=Some(Wrap32<607670327>), win=137), then push stream to TCPSender
  84.	Expectation: send_empty_message().seqno = Wrap32<607670327>
  85.	Action: push "nopqrstuvw" to stream, then push to TCPSender
  86.	Expectation: sequence_numbers_in_flight = 10
  87.	Expectation: message sent with seqno=Wrap32<607670327> payload="nopqrstuvw"
  88.	Expectation: nothing to send
  89.	Action: receive(ack=Some(Wrap32<607670337>), win=137), then push stream to TCPSender
  90.	Expectation: send_empty_message().seqno = Wrap32<607670337>
  91.	Action: push "opqrstuvwx" to stream, then push to TCPSender
  92.	Expectation: sequence_numbers_in_flight = 10
  93.	Expectation: message sent with seqno=Wrap32<607670337> payload="opqrstuvwx"
  94.	Expectation: nothing to send
  95.	Action: receive(ack=Some(Wrap32<607670347>), win=137), then push stream to TCPSender
  96.	Expectation: send_empty_message().seqno = Wrap32<607670347>
  97.	Action: push "pqrs" to stream, then push to TCPSender
  98.	Expectation: sequence_numbers_in_flight = 4
  99.	Expectation: message sent with seqno=Wrap32<607670347> payload="pqrs"
  100.	Expectation: nothing to send
  101.	Action: receive(ack=Some(Wrap32<607670351>), win=137), then push stream to TCPSender
  102.	Expectation: send_empty_message().seqno = Wrap32<607670351>
  103.	Action: push "qrstuvwxyz" to stream, then push to TCPSender
  104.	Expectation: sequence_numbers_in_flight = 10
  105.	Expectation: message sent with seqno=Wrap32<607670351> payload="qrstuvwxyz"
  106.	Expectation: nothing to send
  107.	Action: receive(ack=Some(Wrap32<607670361>), win=137), then push stream to TCPSender
  108.	Expectation: send_empty_message().seqno = Wrap32<607670361>
  109.	Action: push "rstuvwxy" to stream, then push to TCPSender
  110.	Expectation: sequence_numbers_in_flight = 8
  111.	Expectation: message sent with seqno=Wrap32<607670361> payload="rstuvwxy"
  112.	Expectation: nothing to send
  113.	Action: receive(ack=Some(Wrap32<607670369>), win=137), then push stream to TCPSender
  114.	Expectation: send_empty_message().seqno = Wrap32<607670369>
  115.	Action: push "st" to stream, then push to TCPSender
  116.	Expectation: sequence_numbers_in_flight = 2
  117.	Expectation: message sent with seqno=Wrap32<607670369> payload="st"
  118.	Expectation: nothing to send
  119.	Action: receive(ack=Some(Wrap32<607670371>), win=137), then push stream to TCPSender
  120.	Expectation: send_empty_message().seqno = Wrap32<607670371>
  121.	Action: push "tuvwxyzabc" to stream, then push to TCPSender
  122.	Expectation: sequence_numbers_in_flight = 10
  123.	Expectation: message sent with seqno=Wrap32<607670371> payload="tuvwxyzabc"
  124.	Expectation: nothing to send
  125.	Action: receive(ack=Some(Wrap32<607670381>), win=137), then push stream to TCPSender
  126.	Expectation: send_empty_message().seqno = Wrap32<607670381>
  127.	Action: push "uvw" to stream, then push to TCPSender
  128.	Expectation: sequence_numbers_in_flight = 3
  129.	Expectation: message sent with seqno=Wrap32<607670381> payload="uvw"
  130.	Expectation: nothing to send
  131.	Action: receive(ack=Some(Wrap32<607670384>), win=137), then push stream to TCPSender
  132.	Expectation: send_empty_message().seqno = Wrap32<607670384>
  133.	Action: push "vwxyzabc" to stream, then push to TCPSender
  134.	Expectation: sequence_numbers_in_flight = 8
  135.	Expectation: message sent with seqno=Wrap32<607670384> payload="vwxyzabc"
  136.	Expectation: nothing to send
  137.	Action: receive(ack=Some(Wrap32<607670392>), win=137), then push stream to TCPSender
  138.	Expectation: send_empty_message().seqno = Wrap32<607670392>
  139.	Action: push "w" to stream, then push to TCPSender
  140.	Expectation: sequence_numbers_in_flight = 1
  141.	Expectation: message sent with seqno=Wrap32<607670392> payload="w"
  142.	Expectation: nothing to send
  143.	Action: receive(ack=Some(Wrap32<607670393>), win=137), then push stream to TCPSender
  144.	Expectation: send_empty_message().seqno = Wrap32<607670393>
  145.	Action: push "xyzabc" to stream, then push to TCPSender
  146.	Expectation: sequence_numbers_in_flight = 6
  147.	Expectation: message sent with seqno=Wrap32<607670393> payload="xyzabc"
  148.	Expectation: nothing to send
  149.	Action: receive(ack=Some(Wrap32<607670399>), win=137), then push stream to TCPSender
  150.	Expectation: send_empty_message().seqno = Wrap32<607670399>
  151.	Action: push "yzab" to stream, then push to TCPSender
  152.	Expectation: sequence_numbers_in_flight = 4
  153.	Expectation: message sent with seqno=Wrap32<607670399> payload="yzab"
  154.	Expectation: nothing to send
  155.	Action: receive(ack=Some(Wrap32<607670403>), win=137), then push stream to TCPSender
  156.	Expectation: send_empty_message().seqno = Wrap32<607670403>
  157.	Action: push "zabcd" to stream, then push to TCPSender
  158.	Expectation: sequence_numbers_in_flight = 5
  159.	Expectation: message sent with seqno=Wrap32<607670403> payload="zabcd"
  160.	Expectation: nothing to send
  161.	Action: receive(ack=Some(Wrap32<607670408>), win=137), then push stream to TCPSender
  162.	Expectation: send_empty_message().seqno = Wrap32<607670408>
  163.	Action: push "abcdefghi" to stream, then push to TCPSender
  164.	Expectation: sequence_numbers_in_flight = 9
  165.	Expectation: message sent with seqno=Wrap32<607670408> payload="abcdefghi"
  166.	Expectation: nothing to send
  167.	Action: receive(ack=Some(Wrap32<607670417>), win=137), then push stream to TCPSender
  168.	Expectation: send_empty_message().seqno = Wrap32<607670417>
  169.	Action: push "bcde" to stream, then push to TCPSender
  170.	Expectation: sequence_numbers_in_flight = 4
  171.	Expectation: message sent with seqno=Wrap32<607670417> payload="bcde"
  172.	Expectation: nothing to send
  173.	Action: receive(ack=Some(Wrap32<607670421>), win=137), then push stream to TCPSender
  174.	Expectation: send_empty_message().seqno = Wrap32<607670421>
  175.	Action: push "cdefghijkl" to stream, then push to TCPSender
  176.	Expectation: sequence_numbers_in_flight = 10
  177.	Expectation: message sent with seqno=Wrap32<607670421> payload="cdefghijkl"
  178.	Expectation: nothing to send
  179.	Action: receive(ack=Some(Wrap32<607670431>), win=137), then push stream to TCPSender
  180.	Expectation: send_empty_message().seqno = Wrap32<607670431>
  181.	Action: push "defghijk" to stream, then push to TCPSender
  182.	Expectation: sequence_numbers_in_flight = 8
  183.	Expectation: message sent with seqno=Wrap32<607670431> payload="defghijk"
  184.	Expectation: nothing to send
  185.	Action: receive(ack=Some(Wrap32<607670439>), win=137), then push stream to TCPSender
  186.	Expectation: send_empty_message().seqno = Wrap32<607670439>
  187.	Action: push "efghijklmn" to stream, then push to TCPSender
  188.	Expectation: sequence_numbers_in_flight = 10
  189.	Expectation: message sent with seqno=Wrap32<607670439> payload="efghijklmn"
  190.	Expectation: nothing to send
  191.	Action: receive(ack=Some(Wrap32<607670449>), win=137), then push stream to TCPSender
  192.	Expectation: send_empty_message().seqno = Wrap32<607670449>
  193.	Action: push "f" to stream, then push to TCPSender
  194.	Expectation: sequence_numbers_in_flight = 1
  195.	Expectation: message sent with seqno=Wrap32<607670449> payload="f"
  196.	Expectation: nothing to send
  197.	Action: receive(ack=Some(Wrap32<607670450>), win=137), then push stream to TCPSender
  198.	Expectation: send_empty_message().seqno = Wrap32<607670450>
  199.	Action: push "ghijk" to stream, then push to TCPSender
  200.	Expectation: sequence_numbers_in_flight = 5
  201.	Expectation: message sent with seqno=Wrap32<607670450> payload="ghijk"
  202.	Expectation: nothing to send
  203.	Action: receive(ack=Some(Wrap32<607670455>), win=137), then push stream to TCPSender
  204.	Expectation: send_empty_message().seqno = Wrap32<607670455>
  205.	Action: push "hijklmno" to stream, then push to TCPSender
  206.	Expectation: sequence_numbers_in_flight = 8
  207.	Expectation: message sent with seqno=Wrap32<607670455> payload="hijklmno"
  208.	Expectation: nothing to send
  209.	Action: receive(ack=Some(Wrap32<607670463>), win=137), then push stream to TCPSender
  210.	Expectation: send_empty_message().seqno = Wrap32<607670463>
  211.	Action: push "ijklmno" to stream, then push to TCPSender
  212.	Expectation: sequence_numbers_in_flight = 7
  213.	Expectation: message sent with seqno=Wrap32<607670463> payload="ijklmno"
  214.	Expectation: nothing to send
  215.	Action: receive(ack=Some(Wrap32<607670470>), win=137), then push stream to TCPSender
  216.	Expectation: send_empty_message().seqno = Wrap32<607670470>
  217.	Action: push "jkl" to stream, then push to TCPSender
  218.	Expectation: sequence_numbers_in_flight = 3
  219.	Expectation: message sent with seqno=Wrap32<607670470> payload="jkl"
  220.	Expectation: nothing to send
  221.	Action: receive(ack=Some(Wrap32<607670473>), win=137), then push stream to TCPSender
  222.	Expectation: send_empty_message().seqno = Wrap32<607670473>
  223.	Action: push "klmnopqrs" to stream, then push to TCPSender
  224.	Expectation: sequence_numbers_in_flight = 9
  225.	Expectation: message sent with seqno=Wrap32<607670473> payload="klmnopqrs"
  226.	Expectation: nothing to send
  227.	Action: receive(ack=Some(Wrap32<607670482>), win=137), then push stream to TCPSender
  228.	Expectation: send_empty_message().seqno = Wrap32<607670482>
  229.	Action: push "lmnopqrst" to stream, then push to TCPSender
  230.	Expectation: sequence_numbers_in_flight = 9
  231.	Expectation: message sent with seqno=Wrap32<607670482> payload="lmnopqrst"
  232.	Expectation: nothing to send
  233.	Action: receive(ack=Some(Wrap32<607670491>), win=137), then push stream to TCPSender
  234.	Expectation: send_empty_message().seqno = Wrap32<607670491>
  235.	Action: push "mnopqrstu" to stream, then push to TCPSender
  236.	Expectation: sequence_numbers_in_flight = 9
  237.	Expectation: message sent with seqno=Wrap32<607670491> payload="mnopqrstu"
  238.	Expectation: nothing to send
  239.	Action: receive(ack=Some(Wrap32<607670500>), win=137), then push stream to TCPSender
  240.	Expectation: send_empty_message().seqno = Wrap32<607670500>
  241.	Action: push "nop" to stream, then push to TCPSender
  242.	Expectation: sequence_numbers_in_flight = 3
  243.	Expectation: message sent with seqno=Wrap32<607670500> payload="nop"
  244.	Expectation: nothing to send
  245.	Action: receive(ack=Some(Wrap32<607670503>), win=137), then push stream to TCPSender
  246.	Expectation: send_empty_message().seqno = Wrap32<607670503>
  247.	Action: push "opqrstu" to stream, then push to TCPSender
  248.	Expectation: sequence_numbers_in_flight = 7
  249.	Expectation: message sent with seqno=Wrap32<607670503> payload="opqrstu"
  250.	Expectation: nothing to send
  251.	Action: receive(ack=Some(Wrap32<607670510>), win=137), then push stream to TCPSender
  252.	Expectation: send_empty_message().seqno = Wrap32<607670510>
  253.	Action: push "pq" to stream, then push to TCPSender
  254.	Expectation: sequence_numbers_in_flight = 2
  255.	Expectation: message sent with seqno=Wrap32<607670510> payload="pq"
  256.	Expectation: nothing to send
  257.	Action: receive(ack=Some(Wrap32<607670512>), win=137), then push stream to TCPSender
  258.	Expectation: send_empty_message().seqno = Wrap32<607670512>
  259.	Action: push "qrs" to stream, then push to TCPSender
  260.	Expectation: sequence_numbers_in_flight = 3
  261.	Expectation: message sent with seqno=Wrap32<607670512> payload="qrs"
  262.	Expectation: nothing to send
  263.	Action: receive(ack=Some(Wrap32<607670515>), win=137), then push stream to TCPSender
  264.	Expectation: send_empty_message().seqno = Wrap32<607670515>
  265.	Action: push "rstu" to stream, then push to TCPSender
  266.	Expectation: sequence_numbers_in_flight = 4
  267.	Expectation: message sent with seqno=Wrap32<607670515> payload="rstu"
  268.	Expectation: nothing to send
  269.	Action: receive(ack=Some(Wrap32<607670519>), win=137), then push stream to TCPSender
  270.	Expectation: send_empty_message().seqno = Wrap32<607670519>
  271.	Action: push "stu" to stream, then push to TCPSender
  272.	Expectation: sequence_numbers_in_flight = 3
  273.	Expectation: message sent with seqno=Wrap32<607670519> payload="stu"
  274.	Expectation: nothing to send
  275.	Action: receive(ack=Some(Wrap32<607670522>), win=137), then push stream to TCPSender
  276.	Expectation: send_empty_message().seqno = Wrap32<607670522>
  277.	Action: push "tuvwx" to stream, then push to TCPSender
  278.	Expectation: sequence_numbers_in_flight = 5
  279.	Expectation: message sent with seqno=Wrap32<607670522> payload="tuvwx"
  280.	Expectation: nothing to send
  281.	Action: receive(ack=Some(Wrap32<607670527>), win=137), then push stream to TCPSender
  282.	Expectation: send_empty_message().seqno = Wrap32<607670527>
  283.	Action: push "uv" to stream, then push to TCPSender
  284.	Expectation: sequence_numbers_in_flight = 2
  285.	Expectation: message sent with seqno=Wrap32<607670527> payload="uv"
  286.	Expectation: nothing to send
  287.	Action: receive(ack=Some(Wrap32<607670529>), win=137), then push stream to TCPSender
  288.	Expectation: send_empty_message().seqno = Wrap32<607670529>
  289.	Action: push "vwxy" to stream, then push to TCPSender
  290.	Expectation: sequence_numbers_in_flight = 4
  291.	Expectation: message sent with seqno=Wrap32<607670529> payload="vwxy"
  292.	Expectation: nothing to send
  293.	Action: receive(ack=Some(Wrap32<607670533>), win=137), then push stream to TCPSender
  294.	Expectation: send_empty_message().seqno = Wrap32<607670533>
  295.	Action: push "wxyzabcde" to stream, then push to TCPSender
  296.	Expectation: sequence_numbers_in_flight = 9
  297.	Expectation: message sent with seqno=Wrap32<607670533> payload="wxyzabcde"
  298.	Expectation: nothing to send
  299.	Action: receive(ack=Some(Wrap32<607670542>), win=137), then push stream to TCPSender
  300.	Expectation: send_empty_message().seqno = Wrap32<607670542>
  301.	Action: push "xyzabcd" to stream, then push to TCPSender
  302.	Expectation: sequence_numbers_in_flight = 7
  303.	Expectation: message sent with seqno=Wrap32<607670542> payload="xyzabcd"
  304.	Expectation: nothing to send
  305.	Action: receive(ack=Some(Wrap32<607670549>), win=137), then push stream to TCPSender
  306.	Expectation: send_empty_message().seqno = Wrap32<607670549>
  307.	Action: push "yzabcdefgh" to stream, then push to TCPSender
  308.	Expectation: sequence_numbers_in_flight = 10
  309.	Expectation: message sent with seqno=Wrap32<607670549> payload="yzabcdefgh"
  310.	Expectation: nothing to send
  311.	Action: receive(ack=Some(Wrap32<607670559>), win=137), then push stream to TCPSender
  312.	Expectation: send_empty_message().seqno = Wrap32<607670559>
  313.	Action: push "zabcdef" to stream, then push to TCPSender
  314.	Expectation: sequence_numbers_in_flight = 7
  315.	Expectation: message sent with seqno=Wrap32<607670559> payload="zabcdef"
  316.	Expectation: nothing to send
  317.	Action: receive(ack=Some(Wrap32<607670566>), win=137), then push stream to TCPSender
  318.	Expectation: send_empty_message().seqno = Wrap32<607670566>
  319.	Action: push "abcdefghi" to stream, then push to TCPSender
  320.	Expectation: sequence_numbers_in_flight = 9
  321.	Expectation: message sent with seqno=Wrap32<607670566> payload="abcdefghi"
  322.	Expectation: nothing to send
  323.	Action: receive(ack=Some(Wrap32<607670575>), win=137), then push stream to TCPSender
  324.	Expectation: send_empty_message().seqno = Wrap32<607670575>
  325.	Action: push "bcdefg" to stream, then push to TCPSender
  326.	Expectation: sequence_numbers_in_flight = 6
  327.	Expectation: message sent with seqno=Wrap32<607670575> payload="bcdefg"
  328.	Expectation: nothing to send
  329.	Action: receive(ack=Some(Wrap32<607670581>), win=137), then push stream to TCPSender
  330.	Expectation: send_empty_message().seqno = Wrap32<607670581>
  331.	Action: push "cdefghij" to stream, then push to TCPSender
  332.	Expectation: sequence_numbers_in_flight = 8
  333.	Expectation: message sent with seqno=Wrap32<607670581> payload="cdefghij"
  334.	Expectation: nothing to send
  335.	Action: receive(ack=Some(Wrap32<607670589>), win=137), then push stream to TCPSender
  336.	Expectation: send_empty_message().seqno = Wrap32<607670589>
  337.	Action: push "defghij" to stream, then push to TCPSender
  338.	Expectation: sequence_numbers_in_flight = 7
  339.	Expectation: message sent with seqno=Wrap32<607670589> payload="defghij"
  340.	Expectation: nothing to send
  341.	Action: receive(ack=Some(Wrap32<607670596>), win=137), then push stream to TCPSender
  342.	Expectation: send_empty_message().seqno = Wrap32<607670596>
  343.	Action: push "efgh" to stream, then push to TCPSender
  344.	Expectation: sequence_numbers_in_flight = 4
  345.	Expectation: message sent with seqno=Wrap32<607670596> payload="efgh"
  346.	Expectation: nothing to send
  347.	Action: receive(ack=Some(Wrap32<607670600>), win=137), then push stream to TCPSender
  348.	Expectation: send_empty_message().seqno = Wrap32<607670600>
  349.	Action: push "fghi" to stream, then push to TCPSender
  350.	Expectation: sequence_numbers_in_flight = 4
  351.	Expectation: message sent with seqno=Wrap32<607670600> payload="fghi"
  352.	Expectation: nothing to send
  353.	Action: receive(ack=Some(Wrap32<607670604>), win=137), then push stream to TCPSender
  354.	Expectation: send_empty_message().seqno = Wrap32<607670604>
  355.	Action: push "ghijklmn" to stream, then push to TCPSender
  356.	Expectation: sequence_numbers_in_flight = 8
  357.	Expectation: message sent with seqno=Wrap32<607670604> payload="ghijklmn"
  358.	Expectation: nothing to send
  359.	Action: receive(ack=Some(Wrap32<607670612>), win=137), then push stream to TCPSender
  360.	Expectation: send_empty_message().seqno = Wrap32<607670612>
  361.	Action: push "hijklmnop" to stream, then push to TCPSender
  362.	Expectation: sequence_numbers_in_flight = 9
  363.	Expectation: message sent with seqno=Wrap32<607670612> payload="hijklmnop"
  364.	Expectation: nothing to send
  365.	Action: receive(ack=Some(Wrap32<607670621>), win=137), then push stream to TCPSender
  366.	Expectation: send_empty_message().seqno = Wrap32<607670621>
  367.	Action: push "i" to stream, then push to TCPSender
  368.	Expectation: sequence_numbers_in_flight = 1
  369.	Expectation: message sent with seqno=Wrap32<607670621> payload="i"
  370.	Expectation: nothing to send
  371.	Action: receive(ack=Some(Wrap32<607670622>), win=137), then push stream to TCPSender
  372.	Expectation: send_empty_message().seqno = Wrap32<607670622>
  373.	Action: push "j" to stream, then push to TCPSender
  374.	Expectation: sequence_numbers_in_flight = 1
  375.	Expectation: message sent with seqno=Wrap32<607670622> payload="j"
  376.	Expectation: nothing to send
  377.	Action: receive(ack=Some(Wrap32<607670623>), win=137), then push stream to TCPSender
  378.	Expectation: send_empty_message().seqno = Wrap32<607670623>
  379.	Action: push "k" to stream, then push to TCPSender
  380.	Expectation: sequence_numbers_in_flight = 1
  381.	Expectation: message sent with seqno=Wrap32<607670623> payload="k"
  382.	Expectation: nothing to send
  383.	Action: receive(ack=Some(Wrap32<607670624>), win=137), then push stream to TCPSender
  384.	Expectation: send_empty_message().seqno = Wrap32<607670624>
  385.	Action: push "lm" to stream, then push to TCPSender
  386.	Expectation: sequence_numbers_in_flight = 2
  387.	Expectation: message sent with seqno=Wrap32<607670624> payload="lm"
  388.	Expectation: nothing to send
  389.	Action: receive(ack=Some(Wrap32<607670626>), win=137), then push stream to TCPSender
  390.	Expectation: send_empty_message().seqno = Wrap32<607670626>
  391.	Action: push "mnopqrstuv" to stream, then push to TCPSender
  392.	Expectation: sequence_numbers_in_flight = 10
  393.	Expectation: message sent with seqno=Wrap32<607670626> payload="mnopqrstuv"
  394.	Expectation: nothing to send
  395.	Action: receive(ack=Some(Wrap32<607670636>), win=137), then push stream to TCPSender
  396.	Expectation: send_empty_message().seqno = Wrap32<607670636>
  397.	Action: push "no" to stream, then push to TCPSender
  398.	Expectation: sequence_numbers_in_flight = 2
  399.	Expectation: message sent with seqno=Wrap32<607670636> payload="no"
  400.	Expectation: nothing to send
  401.	Action: receive(ack=Some(Wrap32<607670638>), win=137), then push stream to TCPSender
  402.	Expectation: send_empty_message().seqno = Wrap32<607670638>
  403.	Action: push "opqrs" to stream, then push to TCPSender
  404.	Expectation: sequence_numbers_in_flight = 5
  405.	Expectation: message sent with seqno=Wrap32<607670638> payload="opqrs"
  406.	Expectation: nothing to send
  407.	Action: receive(ack=Some(Wrap32<607670643>), win=137), then push stream to TCPSender
  408.	Expectation: send_empty_message().seqno = Wrap32<607670643>
  409.	Action: push "pqrstuv" to stream, then push to TCPSender
  410.	Expectation: sequence_numbers_in_flight = 7
  411.	Expectation: message sent with seqno=Wrap32<607670643> payload="pqrstuv"
  412.	Expectation: nothing to send
  413.	Action: receive(ack=Some(Wrap32<607670650>), win=137), then push stream to TCPSender
  414.	Expectation: send_empty_message().seqno = Wrap32<607670650>
  415.	Action: push "qrstuvwxy" to stream, then push to TCPSender
  416.	Expectation: sequence_numbers_in_flight = 9
  417.	Expectation: message sent with seqno=Wrap32<607670650> payload="qrstuvwxy"
  418.	Expectation: nothing to send
  419.	Action: receive(ack=Some(Wrap32<607670659>), win=137), then push stream to TCPSender
  420.	Expectation: send_empty_message().seqno = Wrap32<607670659>
  421.	Action: push "rstuvwxy" to stream, then push to TCPSender
  422.	Expectation: sequence_numbers_in_flight = 8
  423.	Expectation: message sent with seqno=Wrap32<607670659> payload="rstuvwxy"
  424.	Expectation: nothing to send
  425.	Action: receive(ack=Some(Wrap32<607670667>), win=137), then push stream to TCPSender
  426.	Expectation: send_empty_message().seqno = Wrap32<607670667>
  427.	Action: push "stuvwxyzab" to stream, then push to TCPSender
  428.	Expectation: sequence_numbers_in_flight = 10
  429.	Expectation: message sent with seqno=Wrap32<607670667> payload="stuvwxyzab"
  430.	Expectation: nothing to send
  431.	Action: receive(ack=Some(Wrap32<607670677>), win=137), then push stream to TCPSender
  432.	Expectation: send_empty_message().seqno = Wrap32<607670677>
  433.	Action: push "tuvwxyzabc" to stream, then push to TCPSender
  434.	Expectation: sequence_numbers_in_flight = 10
  435.	Expectation: message sent with seqno=Wrap32<607670677> payload="tuvwxyzabc"
  436.	Expectation: nothing to send
  437.	Action: receive(ack=Some(Wrap32<607670687>), win=137), then push stream to TCPSender
  438.	Expectation: send_empty_message().seqno = Wrap32<607670687>
  439.	Action: push "u" to stream, then push to TCPSender
  440.	Expectation: sequence_numbers_in_flight = 1
  441.	Expectation: message sent with seqno=Wrap32<607670687> payload="u"
  442.	Expectation: nothing to send
  443.	Action: receive(ack=Some(Wrap32<607670688>), win=137), then push stream to TCPSender
  444.	Expectation: send_empty_message().seqno = Wrap32<607670688>
  445.	Action: push "vwxyzab" to stream, then push to TCPSender
  446.	Expectation: sequence_numbers_in_flight = 7
  447.	Expectation: message sent with seqno=Wrap32<607670688> payload="vwxyzab"
  448.	Expectation: nothing to send
  449.	Action: receive(ack=Some(Wrap32<607670695>), win=137), then push stream to TCPSender
  450.	Expectation: send_empty_message().seqno = Wrap32<607670695>
  451.	Action: push "wxyzab" to stream, then push to TCPSender
  452.	Expectation: sequence_numbers_in_flight = 6
  453.	Expectation: message sent with seqno=Wrap32<607670695> payload="wxyzab"
  454.	Expectation: nothing to send
  455.	Action: receive(ack=Some(Wrap32<607670701>), win=137), then push stream to TCPSender
  456.	Expectation: send_empty_message().seqno = Wrap32<607670701>
  457.	Action: push "xy" to stream, then push to TCPSender
  458.	Expectation: sequence_numbers_in_flight = 2
  459.	Expectation: message sent with seqno=Wrap32<607670701> payload="xy"
  460.	Expectation: nothing to send
  461.	Action: receive(ack=Some(Wrap32<607670703>), win=137), then push stream to TCPSender
  462.	Expectation: send_empty_message().seqno = Wrap32<607670703>
  463.	Action: push "yzabcdefgh" to stream, then push to TCPSender
  464.	Expectation: sequence_numbers_in_flight = 10
  465.	Expectation: message sent with seqno=Wrap32<607670703> payload="yzabcdefgh"
  466.	Expectation: nothing to send
  467.	Action: receive(ack=Some(Wrap32<607670713>), win=137), then push stream to TCPSender
  468.	Expectation: send_empty_message().seqno = Wrap32<607670713>
  469.	Action: push "zabcdefg" to stream, then push to TCPSender
  470.	Expectation: sequence_numbers_in_flight = 8
  471.	Expectation: message sent with seqno=Wrap32<607670713> payload="zabcdefg"
  472.	Expectation: nothing to send
  473.	Action: receive(ack=Some(Wrap32<607670721>), win=137), then push stream to TCPSender
  474.	Expectation: send_empty_message().seqno = Wrap32<607670721>
  475.	Action: push "abcdefgh" to stream, then push to TCPSender
  476.	Expectation: sequence_numbers_in_flight = 8
  477.	Expectation: message sent with seqno=Wrap32<607670721> payload="abcdefgh"
  478.	Expectation: nothing to send
  479.	Action: receive(ack=Some(Wrap32<607670729>), win=137), then push stream to TCPSender
  480.	Expectation: send_empty_message().seqno = Wrap32<607670729>
  481.	Action: push "bc" to stream, then push to TCPSender
  482.	Expectation: sequence_numbers_in_flight = 2
  483.	Expectation: message sent with seqno=Wrap32<607670729> payload="bc"
  484.	Expectation: nothing to send
  485.	Action: receive(ack=Some(Wrap32<607670731>), win=137), then push stream to TCPSender
  486.	Expectation: send_empty_message().seqno = Wrap32<607670731>
  487.	Action: push "cdef" to stream, then push to TCPSender
  488.	Expectation: sequence_numbers_in_flight = 4
  489.	Expectation: message sent with seqno=Wrap32<607670731> payload="cdef"
  490.	Expectation: nothing to send
  491.	Action: receive(ack=Some(Wrap32<607670735>), win=137), then push stream to TCPSender
  492.	Expectation: send_empty_message().seqno = Wrap32<607670735>
  493.	Action: push "defghijk" to stream, then push to TCPSender
  494.	Expectation: sequence_numbers_in_flight = 8
  495.	Expectation: message sent with seqno=Wrap32<607670735> payload="defghijk"
  496.	Expectation: nothing to send
  497.	Action: receive(ack=Some(Wrap32<607670743>), win=137), then push stream to TCPSender
  498.	Expectation: send_empty_message().seqno = Wrap32<607670743>
  499.	Action: push "efghijklmn" to stream, then push to TCPSender
  500.	Expectation: sequence_numbers_in_flight = 10
  501.	Expectation: message sent with seqno=Wrap32<607670743> payload="efghijklmn"
  502.	Expectation: nothing to send
  503.	Action: receive(ack=Some(Wrap32<607670753>), win=137), then push stream to TCPSender
  504.	Expectation: send_empty_message().seqno = Wrap32<607670753>
  505.	Action: push "fghijklmno" to stream, then push to TCPSender
  506.	Expectation: sequence_numbers_in_flight = 10
  507.	Expectation: message sent with seqno=Wrap32<607670753> payload="fghijklmno"
  508.	Expectation: nothing to send
  509.	Action: receive(ack=Some(Wrap32<607670763>), win=137), then push stream to TCPSender
  510.	Expectation: send_empty_message().seqno = Wrap32<607670763>
  511.	Action: push "g" to stream, then push to TCPSender
  512.	Expectation: sequence_numbers_in_flight = 1
  513.	Expectation: message sent with seqno=Wrap32<607670763> payload="g"
  514.	Expectation: nothing to send
  515.	Action: receive(ack=Some(Wrap32<607670764>), win=137), then push stream to TCPSender
  516.	Expectation: send_empty_message().seqno = Wrap32<607670764>
  517.	Action: push "hij" to stream, then push to TCPSender
  518.	Expectation: sequence_numbers_in_flight = 3
  519.	Expectation: message sent with seqno=Wrap32<607670764> payload="hij"
  520.	Expectation: nothing to send
  521.	Action: receive(ack=Some(Wrap32<607670767>), win=137), then push stream to TCPSender
  522.	Expectation: send_empty_message().seqno = Wrap32<607670767>
  523.	Action: push "ijklm" to stream, then push to TCPSender
  524.	Expectation: sequence_numbers_in_flight = 5
  525.	Expectation: message sent with seqno=Wrap32<607670767> payload="ijklm"
  526.	Expectation: nothing to send
  527.	Action: receive(ack=Some(Wrap32<607670772>), win=137), then push stream to TCPSender
  528.	Expectation: send_empty_message().seqno = Wrap32<607670772>
  529.	Action: push "jkl" to stream, then push to TCPSender
  530.	Expectation: sequence_numbers_in_flight = 3
  531.	Expectation: message sent with seqno=Wrap32<607670772> payload="jkl"
  532.	Expectation: nothing to send
  533.	Action: receive(ack=Some(Wrap32<607670775>), win=137), then push stream to TCPSender
  534.	Expectation: send_empty_message().seqno = Wrap32<607670775>
  535.	Action: push "kl" to stream, then push to TCPSender
  536.	Expectation: sequence_numbers_in_flight = 2
  537.	Expectation: message sent with seqno=Wrap32<607670775> payload="kl"
  538.	Expectation: nothing to send
  539.	Action: receive(ack=Some(Wrap32<607670777>), win=137), then push stream to TCPSender
  540.	Expectation: send_empty_message().seqno = Wrap32<607670777>
  541.	Action: push "lmnopq" to stream, then push to TCPSender
  542.	Expectation: sequence_numbers_in_flight = 6
  543.	Expectation: message sent with seqno=Wrap32<607670777> payload="lmnopq"
  544.	Expectation: nothing to send
  545.	Action: receive(ack=Some(Wrap32<607670783>), win=137), then push stream to TCPSender
  546.	Expectation: send_empty_message().seqno = Wrap32<607670783>
  547.	Action: push "mnop" to stream, then push to TCPSender
  548.	Expectation: sequence_numbers_in_flight = 4
  549.	Expectation: message sent with seqno=Wrap32<607670783> payload="mnop"
  550.	Expectation: nothing to send
  551.	Action: receive(ack=Some(Wrap32<607670787>), win=137), then push stream to TCPSender
  552.	Expectation: send_empty_message().seqno = Wrap32<607670787>
  553.	Action: push "nopqrstu" to stream, then push to TCPSender
  554.	Expectation: sequence_numbers_in_flight = 8
  555.	Expectation: message sent with seqno=Wrap32<607670787> payload="nopqrstu"
  556.	Expectation: nothing to send
  557.	Action: receive(ack=Some(Wrap32<607670795>), win=137), then push stream to TCPSender
  558.	Expectation: send_empty_message().seqno = Wrap32<607670795>
  559.	Action: push "opqrs" to stream, then push to TCPSender
  560.	Expectation: sequence_numbers_in_flight = 5
  561.	Expectation: message sent with seqno=Wrap32<607670795> payload="opqrs"
  562.	Expectation: nothing to send
  563.	Action: receive(ack=Some(Wrap32<607670800>), win=137), then push stream to TCPSender
  564.	Expectation: send_empty_message().seqno = Wrap32<607670800>
  565.	Action: push "pqrst" to stream, then push to TCPSender
  566.	Expectation: sequence_numbers_in_flight = 5
  567.	Expectation: message sent with seqno=Wrap32<607670800> payload="pqrst"
  568.	Expectation: nothing to send
  569.	Action: receive(ack=Some(Wrap32<607670805>), win=137), then push stream to TCPSender
  570.	Expectation: send_empty_message().seqno = Wrap32<607670805>
  571.	Action: push "qrstuvwx" to stream, then push to TCPSender
  572.	Expectation: sequence_numbers_in_flight = 8
  573.	Expectation: message sent with seqno=Wrap32<607670805> payload="qrstuvwx"
  574.	Expectation: nothing to send
  575.	Action: receive(ack=Some(Wrap32<607670813>), win=137), then push stream to TCPSender
  576.	Expectation: send_empty_message().seqno = Wrap32<607670813>
  577.	Action: push "rstuvw" to stream, then push to TCPSender
  578.	Expectation: sequence_numbers_in_flight = 6
  579.	Expectation: message sent with seqno=Wrap32<607670813> payload="rstuvw"
  580.	Expectation: nothing to send
  581.	Action: receive(ack=Some(Wrap32<607670819>), win=137), then push stream to TCPSender
  582.	Expectation: send_empty_message().seqno = Wrap32<607670819>
  583.	Action: push "stuvwxy" to stream, then push to TCPSender
  584.	Expectation: sequence_numbers_in_flight = 7
  585.	Expectation: message sent with seqno=Wrap32<607670819> payload="stuvwxy"
  586.	Expectation: nothing to send
  587.	Action: receive(ack=Some(Wrap32<607670826>), win=137), then push stream to TCPSender
  588.	Expectation: send_empty_message().seqno = Wrap32<607670826>
  589.	Action: push "tu" to stream, then push to TCPSender
  590.	Expectation: sequence_numbers_in_flight = 2
  591.	Expectation: message sent with seqno=Wrap32<607670826> payload="tu"
  592.	Expectation: nothing to send
  593.	Action: receive(ack=Some(Wrap32<607670828>), win=137), then push stream to TCPSender
  594.	Expectation: send_empty_message().seqno = Wrap32<607670828>
  595.	Action: push "uvwx" to stream, then push to TCPSender
  596.	Expectation: sequence_numbers_in_flight = 4
  597.	Expectation: message sent with seqno=Wrap32<607670828> payload="uvwx"
  598.	Expectation: nothing to send
  599.	Action: receive(ack=Some(Wrap32<607670832>), win=137), then push stream to TCPSender
  600.	Expectation: send_empty_message().seqno = Wrap32<607670832>
  601.	Action: push "vwxyzab" to stream, then push to TCPSender
  602.	Expectation: sequence_numbers_in_flight = 7
  603.	Expectation: message sent with seqno=Wrap32<607670832> payload="vwxyzab"
  604.	Expectation: nothing to send
  605.	Action: receive(ack=Some(Wrap32<607670839>), win=137), then push stream to TCPSender
  606.	Expectation: send_empty_message().seqno = Wrap32<607670839>
  607.	Action: push "wxyzab" to stream, then push to TCPSender
  608.	Expectation: sequence_numbers_in_flight = 6
  609.	Expectation: message sent with seqno=Wrap32<607670839> payload="wxyzab"
  610.	Expectation: nothing to send
  611.	Action: receive(ack=Some(Wrap32<607670845>), win=137), then push stream to TCPSender
  612.	Expectation: send_empty_message().seqno = Wrap32<607670845>
  613.	Action: push "xyzabcdef" to stream, then push to TCPSender
  614.	Expectation: sequence_numbers_in_flight = 9
  615.	Expectation: message sent with seqno=Wrap32<607670845> payload="xyzabcdef"
  616.	Expectation: nothing to send
  617.	Action: receive(ack=Some(Wrap32<607670854>), win=137), then push stream to TCPSender
  618.	Expectation: send_empty_message().seqno = Wrap32<607670854>
  619.	Action: push "yzabcdef" to stream, then push to TCPSender
  620.	Expectation: sequence_numbers_in_flight = 8
  621.	Expectation: message sent with seqno=Wrap32<607670854> payload="yzabcdef"
  622.	Expectation: nothing to send
  623.	Action: receive(ack=Some(Wrap32<607670862>), win=137), then push stream to TCPSender
  624.	Expectation: send_empty_message().seqno = Wrap32<607670862>
  625.	Action: push "zabcdefgh" to stream, then push to TCPSender
  626.	Expectation: sequence_numbers_in_flight = 9
  627.	Expectation: message sent with seqno=Wrap32<607670862> payload="zabcdefgh"
  628.	Expectation: nothing to send
  629.	Action: receive(ack=Some(Wrap32<607670871>), win=137), then push stream to TCPSender
  630.	Expectation: send_empty_message().seqno = Wrap32<607670871>
  631.	Action: push "abcde" to stream, then push to TCPSender
  632.	Expectation: sequence_numbers_in_flight = 5
  633.	Expectation: message sent with seqno=Wrap32<607670871> payload="abcde"
  634.	Expectation: nothing to send
  635.	Action: receive(ack=Some(Wrap32<607670876>), win=137), then push stream to TCPSender
  636.	Expectation: send_empty_message().seqno = Wrap32<607670876>
  637.	Action: push "b" to stream, then push to TCPSender
  638.	Expectation: sequence_numbers_in_flight = 1
  639.	Expectation: message sent with seqno=Wrap32<607670876> payload="b"
  640.	Expectation: nothing to send
  641.	Action: receive(ack=Some(Wrap32<607670877>), win=137), then push stream to TCPSender
  642.	Expectation: send_empty_message().seqno = Wrap32<607670877>
  643.	Action: push "cdef" to stream, then push to TCPSender
  644.	Expectation: sequence_numbers_in_flight = 4
  645.	Expectation: message sent with seqno=Wrap32<607670877> payload="cdef"
  646.	Expectation: nothing to send
  647.	Action: receive(ack=Some(Wrap32<607670881>), win=137), then push stream to TCPSender
  648.	Expectation: send_empty_message().seqno = Wrap32<607670881>
  649.	Action: push "d" to stream, then push to TCPSender
  650.	Expectation: sequence_numbers_in_flight = 1
  651.	Expectation: message sent with seqno=Wrap32<607670881> payload="d"
  652.	Expectation: nothing to send
  653.	Action: receive(ack=Some(Wrap32<607670882>), win=137), then push stream to TCPSender
  654.	Expectation: send_empty_message().seqno = Wrap32<607670882>
  655.	Action: push "efghijklmn" to stream, then push to TCPSender
  656.	Expectation: sequence_numbers_in_flight = 10
  657.	Expectation: message sent with seqno=Wrap32<607670882> payload="efghijklmn"
  658.	Expectation: nothing to send
  659.	Action: receive(ack=Some(Wrap32<607670892>), win=137), then push stream to TCPSender
  660.	Expectation: send_empty_message().seqno = Wrap32<607670892>
  661.	Action: push "f" to stream, then push to TCPSender
  662.	Expectation: sequence_numbers_in_flight = 1
  663.	Expectation: message sent with seqno=Wrap32<607670892> payload="f"
  664.	Expectation: nothing to send
  665.	Action: receive(ack=Some(Wrap32<607670893>), win=137), then push stream to TCPSender
  666.	Expectation: send_empty_message().seqno = Wrap32<607670893>
  667.	Action: push "ghijklmnop" to stream, then push to TCPSender
  668.	Expectation: sequence_numbers_in_flight = 10
  669.	Expectation: message sent with seqno=Wrap32<607670893> payload="ghijklmnop"
  670.	Expectation: nothing to send
  671.	Action: receive(ack=Some(Wrap32<607670903>), win=137), then push stream to TCPSender
  672.	Expectation: send_empty_message().seqno = Wrap32<607670903>
  673.	Action: push "h" to stream, then push to TCPSender
  674.	Expectation: sequence_numbers_in_flight = 1
  675.	Expectation: message sent with seqno=Wrap32<607670903> payload="h"
  676.	Expectation: nothing to send
  677.	Action: receive(ack=Some(Wrap32<607670904>), win=137), then push stream to TCPSender
  678.	Expectation: send_empty_message().seqno = Wrap32<607670904>
  679.	Action: push "i" to stream, then push to TCPSender
  680.	Expectation: sequence_numbers_in_flight = 1
  681.	Expectation: message sent with seqno=Wrap32<607670904> payload="i"
  682.	Expectation: nothing to send
  683.	Action: receive(ack=Some(Wrap32<607670905>), win=137), then push stream to TCPSender
  684.	Expectation: send_empty_message().seqno = Wrap32<607670905>
  685.	Action: push "jklm" to stream, then push to TCPSender
  686.	Expectation: sequence_numbers_in_flight = 4
  687.	Expectation: message sent with seqno=Wrap32<607670905> payload="jklm"
  688.	Expectation: nothing to send
  689.	Action: receive(ack=Some(Wrap32<607670909>), win=137), then push stream to TCPSender
  690.	Expectation: send_empty_message().seqno = Wrap32<607670909>
  691.	Action: push "klm" to stream, then push to TCPSender
  692.	Expectation: sequence_numbers_in_flight = 3
  693.	Expectation: message sent with seqno=Wrap32<607670909> payload="klm"
  694.	Expectation: nothing to send
  695.	Action: receive(ack=Some(Wrap32<607670912>), win=137), then push stream to TCPSender
  696.	Expectation: send_empty_message().seqno = Wrap32<607670912>
  697.	Action: push "lmno" to stream, then push to TCPSender
  698.	Expectation: sequence_numbers_in_flight = 4
  699.	Expectation: message sent with seqno=Wrap32<607670912> payload="lmno"
  700.	Expectation: nothing to send
  701.	Action: receive(ack=Some(Wrap32<607670916>), win=137), then push stream to TCPSender
  702.	Expectation: send_empty_message().seqno = Wrap32<607670916>
  703.	Action: push "mnopqrstu" to stream, then push to TCPSender
  704.	Expectation: sequence_numbers_in_flight = 9
  705.	Expectation: message sent with seqno=Wrap32<607670916> payload="mnopqrstu"
  706.	Expectation: nothing to send
  707.	Action: receive(ack=Some(Wrap32<607670925>), win=137), then push stream to TCPSender
  708.	Expectation: send_empty_message().seqno = Wrap32<607670925>
  709.	Action: push "nopqrs" to stream, then push to TCPSender
  710.	Expectation: sequence_numbers_in_flight = 6
  711.	Expectation: message sent with seqno=Wrap32<607670925> payload="nopqrs"
  712.	Expectation: nothing to send
  713.	Action: receive(ack=Some(Wrap32<607670931>), win=137), then push stream to TCPSender
  714.	Expectation: send_empty_message().seqno = Wrap32<607670931>
  715.	Action: push "opqrstu" to stream, then push to TCPSender
  716.	Expectation: sequence_numbers_in_flight = 7
  717.	Expectation: message sent with seqno=Wrap32<607670931> payload="opqrstu"
  718.	Expectation: nothing to send
  719.	Action: receive(ack=Some(Wrap32<607670938>), win=137), then push stream to TCPSender
  720.	Expectation: send_empty_message().seqno = Wrap32<607670938>
  721.	Action: push "pqrst" to stream, then push to TCPSender
  722.	Expectation: sequence_numbers_in_flight = 5
  723.	Expectation: message sent with seqno=Wrap32<607670938> payload="pqrst"
  724.	Expectation: nothing to send
  725.	Action: receive(ack=Some(Wrap32<607670943>), win=137), then push stream to TCPSender
  726.	Expectation: send_empty_message().seqno = Wrap32<607670943>
  727.	Action: push "qrst" to stream, then push to TCPSender
  728.	Expectation: sequence_numbers_in_flight = 4
  729.	Expectation: message sent with seqno=Wrap32<607670943> payload="qrst"
  730.	Expectation: nothing to send
  731.	Action: receive(ack=Some(Wrap32<607670947>), win=137), then push stream to TCPSender
  732.	Expectation: send_empty_message().seqno = Wrap32<607670947>
  733.	Action: push "rstuvw" to stream, then push to TCPSender
  734.	Expectation: sequence_numbers_in_flight = 6
  735.	Expectation: message sent with seqno=Wrap32<607670947> payload="rstuvw"
  736.	Expectation: nothing to send
  737.	Action: receive(ack=Some(Wrap32<607670953>), win=137), then push stream to TCPSender
  738.	Expectation: send_empty_message().seqno = Wrap32<607670953>
  739.	Action: push "stu" to stream, then push to TCPSender
  740.	Expectation: sequence_numbers_in_flight = 3
  741.	Expectation: message sent with seqno=Wrap32<607670953> payload="stu"
  742.	Expectation: nothing to send
  743.	Action: receive(ack=Some(Wrap32<607670956>), win=137), then push stream to TCPSender
  744.	Expectation: send_empty_message().seqno = Wrap32<607670956>
  745.	Action: push "tuvwxyz" to stream, then push to TCPSender
  746.	Expectation: sequence_numbers_in_flight = 7
  747.	Expectation: message sent with seqno=Wrap32<607670956> payload="tuvwxyz"
  748.	Expectation: nothing to send
  749.	Action: receive(ack=Some(Wrap32<607670963>), win=137), then push stream to TCPSender
  750.	Expectation: send_empty_message().seqno = Wrap32<607670963>
  751.	Action: push "uvw" to stream, then push to TCPSender
  752.	Expectation: sequence_numbers_in_flight = 3
  753.	Expectation: message sent with seqno=Wrap32<607670963> payload="uvw"
  754.	Expectation: nothing to send
  755.	Action: receive(ack=Some(Wrap32<607670966>), win=137), then push stream to TCPSender
  756.	Expectation: send_empty_message().seqno = Wrap32<607670966>
  757.	Action: push "vwxy" to stream, then push to TCPSender
  758.	Expectation: sequence_numbers_in_flight = 4
  759.	Expectation: message sent with seqno=Wrap32<607670966> payload="vwxy"
  760.	Expectation: nothing to send
  761.	Action: receive(ack=Some(Wrap32<607670970>), win=137), then push stream to TCPSender
  762.	Expectation: send_empty_message().seqno = Wrap32<607670970>
  763.	Action: push "wxyzab" to stream, then push to TCPSender
  764.	Expectation: sequence_numbers_in_flight = 6
  765.	Expectation: message sent with seqno=Wrap32<607670970> payload="wxyzab"
  766.	Expectation: nothing to send
  767.	Action: receive(ack=Some(Wrap32<607670976>), win=137), then push stream to TCPSender
  768.	Expectation: send_empty_message().seqno = Wrap32<607670976>
  769.	Action: push "xyzabcdefg" to stream, then push to TCPSender
  770.	Expectation: sequence_numbers_in_flight = 10
  771.	Expectation: message sent with seqno=Wrap32<607670976> payload="xyzabcdefg"
  772.	Expectation: nothing to send
  773.	Action: receive(ack=Some(Wrap32<607670986>), win=137), then push stream to TCPSender
  774.	Expectation: send_empty_message().seqno = Wrap32<607670986>
  775.	Action: push "yzabcd" to stream, then push to TCPSender
  776.	Expectation: sequence_numbers_in_flight = 6
  777.	Expectation: message sent with seqno=Wrap32<607670986> payload="yzabcd"
  778.	Expectation: nothing to send
  779.	Action: receive(ack=Some(Wrap32<607670992>), win=137), then push stream to TCPSender
  780.	Expectation: send_empty_message().seqno = Wrap32<607670992>
  781.	Action: push "zabcdef" to stream, then push to TCPSender
  782.	Expectation: sequence_numbers_in_flight = 7
  783.	Expectation: message sent with seqno=Wrap32<607670992> payload="zabcdef"
  784.	Expectation: nothing to send
  785.	Action: receive(ack=Some(Wrap32<607670999>), win=137), then push stream to TCPSender
  786.	Expectation: send_empty_message().seqno = Wrap32<607670999>
  787.	Action: push "abcdefgh" to stream, then push to TCPSender
  788.	Expectation: sequence_numbers_in_flight = 8
  789.	Expectation: message sent with seqno=Wrap32<607670999> payload="abcdefgh"
  790.	Expectation: nothing to send
  791.	Action: receive(ack=Some(Wrap32<607671007>), win=137), then push stream to TCPSender
  792.	Expectation: send_empty_message().seqno = Wrap32<607671007>
  793.	Action: push "bcdefghi" to stream, then push to TCPSender
  794.	Expectation: sequence_numbers_in_flight = 8
  795.	Expectation: message sent with seqno=Wrap32<607671007> payload="bcdefghi"
  796.	Expectation: nothing to send
  797.	Action: receive(ack=Some(Wrap32<607671015>), win=137), then push stream to TCPSender
  798.	Expectation: send_empty_message().seqno = Wrap32<607671015>
  799.	Action: push "cdefghij" to stream, then push to TCPSender
  800.	Expectation: sequence_numbers_in_flight = 8
  801.	Expectation: message sent with seqno=Wrap32<607671015> payload="cdefghij"
  802.	Expectation: nothing to send
  803.	Action: receive(ack=Some(Wrap32<607671023>), win=137), then push stream to TCPSender
  804.	Expectation: send_empty_message().seqno = Wrap32<607671023>
  805.	Action: push "d" to stream, then push to TCPSender
  806.	Expectation: sequence_numbers_in_flight = 1
  807.	Expectation: message sent with seqno=Wrap32<607671023> payload="d"
  808.	Expectation: nothing to send
  809.	Action: receive(ack=Some(Wrap32<607671024>), win=137), then push stream to TCPSender
  810.	Expectation: send_empty_message().seqno = Wrap32<607671024>
  811.	Action: push "efgh" to stream, then push to TCPSender
  812.	Expectation: sequence_numbers_in_flight = 4
  813.	Expectation: message sent with seqno=Wrap32<607671024> payload="efgh"
  814.	Expectation: nothing to send
  815.	Action: receive(ack=Some(Wrap32<607671028>), win=137), then push stream to TCPSender
  816.	Expectation: send_empty_message().seqno = Wrap32<607671028>
  817.	Action: push "fghi" to stream, then push to TCPSender
  818.	Expectation: sequence_numbers_in_flight = 4
  819.	Expectation: message sent with seqno=Wrap32<607671028> payload="fghi"
  820.	Expectation: nothing to send
  821.	Action: receive(ack=Some(Wrap32<607671032>), win=137), then push stream to TCPSender
  822.	Expectation: send_empty_message().seqno = Wrap32<607671032>
  823.	Action: push "ghijklm" to stream, then push to TCPSender
  824.	Expectation: sequence_numbers_in_flight = 7
  825.	Expectation: message sent with seqno=Wrap32<607671032> payload="ghijklm"
  826.	Expectation: nothing to send
  827.	Action: receive(ack=Some(Wrap32<607671039>), win=137), then push stream to TCPSender
  828.	Expectation: send_empty_message().seqno = Wrap32<607671039>
  829.	Action: push "hijklm" to stream, then push to TCPSender
  830.	Expectation: sequence_numbers_in_flight = 6
  831.	Expectation: message sent with seqno=Wrap32<607671039> payload="hijklm"
  832.	Expectation: nothing to send
  833.	Action: receive(ack=Some(Wrap32<607671045>), win=137), then push stream to TCPSender
  834.	Expectation: send_empty_message().seqno = Wrap32<607671045>
  835.	Action: push "ijkl" to stream, then push to TCPSender
  836.	Expectation: sequence_numbers_in_flight = 4
  837.	Expectation: message sent with seqno=Wrap32<607671045> payload="ijkl"
  838.	Expectation: nothing to send
  839.	Action: receive(ack=Some(Wrap32<607671049>), win=137), then push stream to TCPSender
  840.	Expectation: send_empty_message().seqno = Wrap32<607671049>
  841.	Action: push "jklmnopqr" to stream, then push to TCPSender
  842.	Expectation: sequence_numbers_in_flight = 9
  843.	Expectation: message sent with seqno=Wrap32<607671049> payload="jklmnopqr"
  844.	Expectation: nothing to send
  845.	Action: receive(ack=Some(Wrap32<607671058>), win=137), then push stream to TCPSender
  846.	Expectation: send_empty_message().seqno = Wrap32<607671058>
  847.	Action: push "klmnopqrs" to stream, then push to TCPSender
  848.	Expectation: sequence_numbers_in_flight = 9
  849.	Expectation: message sent with seqno=Wrap32<607671058> payload="klmnopqrs"
  850.	Expectation: nothing to send
  851.	Action: receive(ack=Some(Wrap32<607671067>), win=137), then push stream to TCPSender
  852.	Expectation: send_empty_message().seqno = Wrap32<607671067>
  853.	Action: push "lmnopq" to stream, then push to TCPSender
  854.	Expectation: sequence_numbers_in_flight = 6
  855.	Expectation: message sent with seqno=Wrap32<607671067> payload="lmnopq"
  856.	Expectation: nothing to send
  857.	Action: receive(ack=Some(Wrap32<607671073>), win=137), then push stream to TCPSender
  858.	Expectation: send_empty_message().seqno = Wrap32<607671073>
  859.	Action: push "mnopq" to stream, then push to TCPSender
  860.	Expectation: sequence_numbers_in_flight = 5
  861.	Expectation: message sent with seqno=Wrap32<607671073> payload="mnopq"
  862.	Expectation: nothing to send
  863.	Action: receive(ack=Some(Wrap32<607671078>), win=137), then push stream to TCPSender
  864.	Expectation: send_empty_message().seqno = Wrap32<607671078>
  865.	Action: push "nopq" to stream, then push to TCPSender
  866.	Expectation: sequence_numbers_in_flight = 4
  867.	Expectation: message sent with seqno=Wrap32<607671078> payload="nopq"
  868.	Expectation: nothing to send
  869.	Action: receive(ack=Some(Wrap32<607671082>), win=137), then push stream to TCPSender
  870.	Expectation: send_empty_message().seqno = Wrap32<607671082>
  871.	Action: push "opq" to stream, then push to TCPSender
  872.	Expectation: sequence_numbers_in_flight = 3
  873.	Expectation: message sent with seqno=Wrap32<607671082> payload="opq"
  874.	Expectation: nothing to send
  875.	Action: receive(ack=Some(Wrap32<607671085>), win=137), then push stream to TCPSender
  876.	Expectation: send_empty_message().seqno = Wrap32<607671085>
  877.	Action: push "pqrstuv" to stream, then push to TCPSender
  878.	Expectation: sequence_numbers_in_flight = 7
  879.	Expectation: message sent with seqno=Wrap32<607671085> payload="pqrstuv"
  880.	Expectation: nothing to send
  881.	Action: receive(ack=Some(Wrap32<607671092>), win=137), then push stream to TCPSender
  882.	Expectation: send_empty_message().seqno = Wrap32<607671092>
  883.	Action: push "qrstuv" to stream, then push to TCPSender
  884.	Expectation: sequence_numbers_in_flight = 6
  885.	Expectation: message sent with seqno=Wrap32<607671092> payload="qrstuv"
  886.	Expectation: nothing to send
  887.	Action: receive(ack=Some(Wrap32<607671098>), win=137), then push stream to TCPSender
  888.	Expectation: send_empty_message().seqno = Wrap32<607671098>
  889.	Action: push "rstuvwxyz" to stream, then push to TCPSender
  890.	Expectation: sequence_numbers_in_flight = 9
  891.	Expectation: message sent with seqno=Wrap32<607671098> payload="rstuvwxyz"
  892.	Expectation: nothing to send
  893.	Action: receive(ack=Some(Wrap32<607671107>), win=137), then push stream to TCPSender
  894.	Expectation: send_empty_message().seqno = Wrap32<607671107>
  895.	Action: push "stuvwxyz" to stream, then push to TCPSender
  896.	Expectation: sequence_numbers_in_flight = 8
  897.	Expectation: message sent with seqno=Wrap32<607671107> payload="stuvwxyz"
  898.	Expectation: nothing to send
  899.	Action: receive(ack=Some(Wrap32<607671115>), win=137), then push stream to TCPSender
  900.	Expectation: send_empty_message().seqno = Wrap32<607671115>
  901.	Action: push "tuvwxyzab" to stream, then push to TCPSender
  902.	Expectation: sequence_numbers_in_flight = 9
  903.	Expectation: message sent with seqno=Wrap32<607671115> payload="tuvwxyzab"
  904.	Expectation: nothing to send
  905.	Action: receive(ack=Some(Wrap32<607671124>), win=137), then push stream to TCPSender
  906.	Expectation: send_empty_message().seqno = Wrap32<607671124>
  907.	Action: push "uvwxyzabcd" to stream, then push to TCPSender
  908.	Expectation: sequence_numbers_in_flight = 10
  909.	Expectation: message sent with seqno=Wrap32<607671124> payload="uvwxyzabcd"
  910.	Expectation: nothing to send
  911.	Action: receive(ack=Some(Wrap32<607671134>), win=137), then push stream to TCPSender
  912.	Expectation: send_empty_message().seqno = Wrap32<607671134>
  913.	Action: push "vwxyza" to stream, then push to TCPSender
  914.	Expectation: sequence_numbers_in_flight = 6
  915.	Expectation: message sent with seqno=Wrap32<607671134> payload="vwxyza"
  916.	Expectation: nothing to send
  917.	Action: receive(ack=Some(Wrap32<607671140>), win=137), then push stream to TCPSender
  918.	Expectation: send_empty_message().seqno = Wrap32<607671140>
  919.	Action: push "w" to stream, then push to TCPSender
  920.	Expectation: sequence_numbers_in_flight = 1
  921.	Expectation: message sent with seqno=Wrap32<607671140> payload="w"
  922.	Expectation: nothing to send
  923.	Action: receive(ack=Some(Wrap32<607671141>), win=137), then push stream to TCPSender
  924.	Expectation: send_empty_message().seqno = Wrap32<607671141>
  925.	Action: push "xyzabcd" to stream, then push to TCPSender
  926.	Expectation: sequence_numbers_in_flight = 7
  927.	Expectation: message sent with seqno=Wrap32<607671141> payload="xyzabcd"
  928.	Expectation: nothing to send
  929.	Action: receive(ack=Some(Wrap32<607671148>), win=137), then push stream to TCPSender
  930.	Expectation: send_empty_message().seqno = Wrap32<607671148>
  931.	Action: push "yz" to stream, then push to TCPSender
  932.	Expectation: sequence_numbers_in_flight = 2
  933.	Expectation: message sent with seqno=Wrap32<607671148> payload="yz"
  934.	Expectation: nothing to send
  935.	Action: receive(ack=Some(Wrap32<607671150>), win=137), then push stream to TCPSender
  936.	Expectation: send_empty_message().seqno = Wrap32<607671150>
  937.	Action: push "zabcdefg" to stream, then push to TCPSender
  938.	Expectation: sequence_numbers_in_flight = 8
  939.	Expectation: message sent with seqno=Wrap32<607671150> payload="zabcdefg"
  940.	Expectation: nothing to send
  941.	Action: receive(ack=Some(Wrap32<607671158>), win=137), then push stream to TCPSender
  942.	Expectation: send_empty_message().seqno = Wrap32<607671158>
  943.	Action: push "abcdefghi" to stream, then push to TCPSender
  944.	Expectation: sequence_numbers_in_flight = 9
  945.	Expectation: message sent with seqno=Wrap32<607671158> payload="abcdefghi"
  946.	Expectation: nothing to send
  947.	Action: receive(ack=Some(Wrap32<607671167>), win=137), then push stream to TCPSender
  948.	Expectation: send_empty_message().seqno = Wrap32<607671167>
  949.	Action: push "bcdefghijk" to stream, then push to TCPSender
  950.	Expectation: sequence_numbers_in_flight = 10
  951.	Expectation: message sent with seqno=Wrap32<607671167> payload="bcdefghijk"
  952.	Expectation: nothing to send
  953.	Action: receive(ack=Some(Wrap32<607671177>), win=137), then push stream to TCPSender
  954.	Expectation: send_empty_message().seqno = Wrap32<607671177>
  955.	Action: push "c" to stream, then push to TCPSender
  956.	Expectation: sequence_numbers_in_flight = 1
  957.	Expectation: message sent with seqno=Wrap32<607671177> payload="c"
  958.	Expectation: nothing to send
  959.	Action: receive(ack=Some(Wrap32<607671178>), win=137), then push stream to TCPSender
  960.	Expectation: send_empty_message().seqno = Wrap32<607671178>
  961.	Action: push "defghijk" to stream, then push to TCPSender
  962.	Expectation: sequence_numbers_in_flight = 8
  963.	Expectation: message sent with seqno=Wrap32<607671178> payload="defghijk"
  964.	Expectation: nothing to send
  965.	Action: receive(ack=Some(Wrap32<607671186>), win=137), then push stream to TCPSender
  966.	Expectation: send_empty_message().seqno = Wrap32<607671186>
  967.	Action: push "efghi" to stream, then push to TCPSender
  968.	Expectation: sequence_numbers_in_flight = 5
  969.	Expectation: message sent with seqno=Wrap32<607671186> payload="efghi"
  970.	Expectation: nothing to send
  971.	Action: receive(ack=Some(Wrap32<607671191>), win=137), then push stream to TCPSender
  972.	Expectation: send_empty_message().seqno = Wrap32<607671191>
  973.	Action: push "fghij" to stream, then push to TCPSender
  974.	Expectation: sequence_numbers_in_flight = 5
  975.	Expectation: message sent with seqno=Wrap32<607671191> payload="fghij"
  976.	Expectation: nothing to send
  977.	Action: receive(ack=Some(Wrap32<607671196>), win=137), then push stream to TCPSender
  978.	Expectation: send_empty_message().seqno = Wrap32<607671196>
  979.	Action: push "ghijklm" to stream, then push to TCPSender
  980.	Expectation: sequence_numbers_in_flight = 7
  981.	Expectation: message sent with seqno=Wrap32<607671196> payload="ghijklm"
  982.	Expectation: nothing to send
  983.	Action: receive(ack=Some(Wrap32<607671203>), win=137), then push stream to TCPSender
  984.	Expectation: send_empty_message().seqno = Wrap32<607671203>
  985.	Action: push "h" to stream, then push to TCPSender
  986.	Expectation: sequence_numbers_in_flight = 1
  987.	Expectation: message sent with seqno=Wrap32<607671203> payload="h"
  988.	Expectation: nothing to send
  989.	Action: receive(ack=Some(Wrap32<607671204>), win=137), then push stream to TCPSender
  990.	Expectation: send_empty_message().seqno = Wrap32<607671204>
  991.	Action: push "ijklm" to stream, then push to TCPSender
  992.	Expectation: sequence_numbers_in_flight = 5
  993.	Expectation: message sent with seqno=Wrap32<607671204> payload="ijklm"
  994.	Expectation: nothing to send
  995.	Action: receive(ack=Some(Wrap32<607671209>), win=137), then push stream to TCPSender
  996.	Expectation: send_empty_message().seqno = Wrap32<607671209>
  997.	Action: push "jklmnopqr" to stream, then push to TCPSender
  998.	Expectation: sequence_numbers_in_flight = 9
  999.	Expectation: message sent with seqno=Wrap32<607671209> payload="jklmnopqr"
  1000.	Expectation: nothing to send
  1001.	Action: receive(ack=Some(Wrap32<607671218>), win=137), then push stream to TCPSender
  1002.	Expectation: send_empty_message().seqno = Wrap32<607671218>
  1003.	Action: push "klmn" to stream, then push to TCPSender
  1004.	Expectation: sequence_numbers_in_flight = 4
  1005.	Expectation: message sent with seqno=Wrap32<607671218> payload="klmn"
  1006.	Expectation: nothing to send
  1007.	Action: receive(ack=Some(Wrap32<607671222>), win=137), then push stream to TCPSender
  1008.	Expectation: send_empty_message().seqno = Wrap32<607671222>
  1009.	Action: push "lmnopqr" to stream, then push to TCPSender
  1010.	Expectation: sequence_numbers_in_flight = 7
  1011.	Expectation: message sent with seqno=Wrap32<607671222> payload="lmnopqr"
  1012.	Expectation: nothing to send
  1013.	Action: receive(ack=Some(Wrap32<607671229>), win=137), then push stream to TCPSender
  1014.	Expectation: send_empty_message().seqno = Wrap32<607671229>
  1015.	Action: push "mnopqrs" to stream, then push to TCPSender
  1016.	Expectation: sequence_numbers_in_flight = 7
  1017.	Expectation: message sent with seqno=Wrap32<607671229> payload="mnopqrs"
  1018.	Expectation: nothing to send
  1019.	Action: receive(ack=Some(Wrap32<607671236>), win=137), then push stream to TCPSender
  1020.	Expectation: send_empty_message().seqno = Wrap32<607671236>
  1021.	Action: push "nopqrst" to stream, then push to TCPSender
  1022.	Expectation: sequence_numbers_in_flight = 7
  1023.	Expectation: message sent with seqno=Wrap32<607671236> payload="nopqrst"
  1024.	Expectation: nothing to send
  1025.	Action: receive(ack=Some(Wrap32<607671243>), win=137), then push stream to TCPSender
  1026.	Expectation: send_empty_message().seqno = Wrap32<607671243>
  1027.	Action: push "opqr" to stream, then push to TCPSender
  1028.	Expectation: sequence_numbers_in_flight = 4
  1029.	Expectation: message sent with seqno=Wrap32<607671243> payload="opqr"
  1030.	Expectation: nothing to send
  1031.	Action: receive(ack=Some(Wrap32<607671247>), win=137), then push stream to TCPSender
  1032.	Expectation: send_empty_message().seqno = Wrap32<607671247>
  1033.	Action: push "pqrst" to stream, then push to TCPSender
  1034.	Expectation: sequence_numbers_in_flight = 5
  1035.	Expectation: message sent with seqno=Wrap32<607671247> payload="pqrst"
  1036.	Expectation: nothing to send
  1037.	Action: receive(ack=Some(Wrap32<607671252>), win=137), then push stream to TCPSender
  1038.	Expectation: send_empty_message().seqno = Wrap32<607671252>
  1039.	Action: push "qrstu" to stream, then push to TCPSender
  1040.	Expectation: sequence_numbers_in_flight = 5
  1041.	Expectation: message sent with seqno=Wrap32<607671252> payload="qrstu"
  1042.	Expectation: nothing to send
  1043.	Action: receive(ack=Some(Wrap32<607671257>), win=137), then push stream to TCPSender
  1044.	Expectation: send_empty_message().seqno = Wrap32<607671257>
  1045.	Action: push "rs" to stream, then push to TCPSender
  1046.	Expectation: sequence_numbers_in_flight = 2
  1047.	Expectation: message sent with seqno=Wrap32<607671257> payload="rs"
  1048.	Expectation: nothing to send
  1049.	Action: receive(ack=Some(Wrap32<607671259>), win=137), then push stream to TCPSender
  1050.	Expectation: send_empty_message().seqno = Wrap32<607671259>
  1051.	Action: push "st" to stream, then push to TCPSender
  1052.	Expectation: sequence_numbers_in_flight = 2
  1053.	Expectation: message sent with seqno=Wrap32<607671259> payload="st"
  1054.	Expectation: nothing to send
  1055.	Action: receive(ack=Some(Wrap32<607671261>), win=137), then push stream to TCPSender
  1056.	Expectation: send_empty_message().seqno = Wrap32<607671261>
  1057.	Action: push "tuvwxyzab" to stream, then push to TCPSender
  1058.	Expectation: sequence_numbers_in_flight = 9
  1059.	Expectation: message sent with seqno=Wrap32<607671261> payload="tuvwxyzab"
  1060.	Expectation: nothing to send
  1061.	Action: receive(ack=Some(Wrap32<607671270>), win=137), then push stream to TCPSender
  1062.	Expectation: send_empty_message().seqno = Wrap32<607671270>
  1063.	Action: push "uvwxyza" to stream, then push to TCPSender
  ***** Unsuccessful Expectation: sequence_numbers_in_flight = 7 *****

ExpectationViolation: The object should have had sequence_numbers_in_flight = 7, but instead it was 1022.

The test "Many short writes, continuous acks" failed.


96% tests passed, 1 tests failed out of 28

Total Test time (real) =  34.75 sec

The following tests FAILED:
	 29 - send_transmit (Failed)
